start_hive: process with pid 37065 started.
/Users/haigj01/workspace/titan/hive-runner/lib/hive/worker.rb:51:in `poll_queue': poll_queue method not implemented (NotImplementedError)
	from /Users/haigj01/workspace/titan/hive-runner/lib/hive/worker.rb:37:in `block in worker_process'
	from /Users/haigj01/workspace/titan/hive-runner/lib/hive/worker.rb:34:in `loop'
	from /Users/haigj01/workspace/titan/hive-runner/lib/hive/worker.rb:34:in `worker_process'
	from /Users/haigj01/workspace/titan/hive-runner/lib/hive/worker.rb:20:in `block in initialize'
	from /Users/haigj01/workspace/titan/hive-runner/lib/hive/worker.rb:11:in `fork'
	from /Users/haigj01/workspace/titan/hive-runner/lib/hive/worker.rb:11:in `initialize'
	from /Users/haigj01/workspace/titan/hive-runner/lib/hive/worker/shell.rb:9:in `initialize'
	from /Users/haigj01/workspace/titan/hive-runner/lib/hive/controller.rb:20:in `new'
	from /Users/haigj01/workspace/titan/hive-runner/lib/hive/controller.rb:20:in `block in check_workers'
	from /Users/haigj01/workspace/titan/hive-runner/lib/hive/controller.rb:19:in `each'
	from /Users/haigj01/workspace/titan/hive-runner/lib/hive/controller.rb:19:in `check_workers'
	from /Users/haigj01/workspace/titan/hive-runner/lib/hive/daemon_helper.rb:25:in `block in instantiate_controllers'
	from /Users/haigj01/workspace/titan/hive-runner/lib/hive/daemon_helper.rb:21:in `each'
	from /Users/haigj01/workspace/titan/hive-runner/lib/hive/daemon_helper.rb:21:in `instantiate_controllers'
	from /Users/haigj01/workspace/titan/hive-runner/bin/start_hive:36:in `<top (required)>'
	from /Users/haigj01/.rvm/gems/ruby-2.1.2/bundler/gems/daemons-cee17be908b8/lib/daemons/application.rb:203:in `load'
	from /Users/haigj01/.rvm/gems/ruby-2.1.2/bundler/gems/daemons-cee17be908b8/lib/daemons/application.rb:203:in `start_load'
	from /Users/haigj01/.rvm/gems/ruby-2.1.2/bundler/gems/daemons-cee17be908b8/lib/daemons/application.rb:299:in `start'
	from /Users/haigj01/.rvm/gems/ruby-2.1.2/bundler/gems/daemons-cee17be908b8/lib/daemons/controller.rb:57:in `run'
	from /Users/haigj01/.rvm/gems/ruby-2.1.2/bundler/gems/daemons-cee17be908b8/lib/daemons.rb:140:in `block in run'
	from /Users/haigj01/.rvm/gems/ruby-2.1.2/bundler/gems/daemons-cee17be908b8/lib/daemons/cmdline.rb:100:in `call'
	from /Users/haigj01/.rvm/gems/ruby-2.1.2/bundler/gems/daemons-cee17be908b8/lib/daemons/cmdline.rb:100:in `catch_exceptions'
	from /Users/haigj01/.rvm/gems/ruby-2.1.2/bundler/gems/daemons-cee17be908b8/lib/daemons.rb:139:in `run'
	from ./bin/hived:26:in `<main>'
/Users/haigj01/workspace/titan/hive-runner/lib/hive/worker.rb:51:in `poll_queue': poll_queue method not implemented (NotImplementedError)
	from /Users/haigj01/workspace/titan/hive-runner/lib/hive/worker.rb:37:in `block in worker_process'
	from /Users/haigj01/workspace/titan/hive-runner/lib/hive/worker.rb:34:in `loop'
	from /Users/haigj01/workspace/titan/hive-runner/lib/hive/worker.rb:34:in `worker_process'
	from /Users/haigj01/workspace/titan/hive-runner/lib/hive/worker.rb:20:in `block in initialize'
	from /Users/haigj01/workspace/titan/hive-runner/lib/hive/worker.rb:11:in `fork'
	from /Users/haigj01/workspace/titan/hive-runner/lib/hive/worker.rb:11:in `initialize'
	from /Users/haigj01/workspace/titan/hive-runner/lib/hive/worker/shell.rb:9:in `initialize'
	from /Users/haigj01/workspace/titan/hive-runner/lib/hive/controller.rb:20:in `new'
	from /Users/haigj01/workspace/titan/hive-runner/lib/hive/controller.rb:20:in `block in check_workers'
	from /Users/haigj01/workspace/titan/hive-runner/lib/hive/controller.rb:19:in `each'
	from /Users/haigj01/workspace/titan/hive-runner/lib/hive/controller.rb:19:in `check_workers'
	from /Users/haigj01/workspace/titan/hive-runner/lib/hive/daemon_helper.rb:25:in `block in instantiate_controllers'
	from /Users/haigj01/workspace/titan/hive-runner/lib/hive/daemon_helper.rb:21:in `each'
	from /Users/haigj01/workspace/titan/hive-runner/lib/hive/daemon_helper.rb:21:in `instantiate_controllers'
	from /Users/haigj01/workspace/titan/hive-runner/bin/start_hive:36:in `<top (required)>'
	from /Users/haigj01/.rvm/gems/ruby-2.1.2/bundler/gems/daemons-cee17be908b8/lib/daemons/application.rb:203:in `load'
	from /Users/haigj01/.rvm/gems/ruby-2.1.2/bundler/gems/daemons-cee17be908b8/lib/daemons/application.rb:203:in `start_load'
	from /Users/haigj01/.rvm/gems/ruby-2.1.2/bundler/gems/daemons-cee17be908b8/lib/daemons/application.rb:299:in `start'
	from /Users/haigj01/.rvm/gems/ruby-2.1.2/bundler/gems/daemons-cee17be908b8/lib/daemons/controller.rb:57:in `run'
	from /Users/haigj01/.rvm/gems/ruby-2.1.2/bundler/gems/daemons-cee17be908b8/lib/daemons.rb:140:in `block in run'
	from /Users/haigj01/.rvm/gems/ruby-2.1.2/bundler/gems/daemons-cee17be908b8/lib/daemons/cmdline.rb:100:in `call'
	from /Users/haigj01/.rvm/gems/ruby-2.1.2/bundler/gems/daemons-cee17be908b8/lib/daemons/cmdline.rb:100:in `catch_exceptions'
	from /Users/haigj01/.rvm/gems/ruby-2.1.2/bundler/gems/daemons-cee17be908b8/lib/daemons.rb:139:in `run'
	from ./bin/hived:26:in `<main>'
/Users/haigj01/workspace/titan/hive-runner/lib/hive/worker.rb:51:in `poll_queue': poll_queue method not implemented (NotImplementedError)
	from /Users/haigj01/workspace/titan/hive-runner/lib/hive/worker.rb:37:in `block in worker_process'
	from /Users/haigj01/workspace/titan/hive-runner/lib/hive/worker.rb:34:in `loop'
	from /Users/haigj01/workspace/titan/hive-runner/lib/hive/worker.rb:34:in `worker_process'
	from /Users/haigj01/workspace/titan/hive-runner/lib/hive/worker.rb:20:in `block in initialize'
	from /Users/haigj01/workspace/titan/hive-runner/lib/hive/worker.rb:11:in `fork'
	from /Users/haigj01/workspace/titan/hive-runner/lib/hive/worker.rb:11:in `initialize'
	from /Users/haigj01/workspace/titan/hive-runner/lib/hive/worker/shell.rb:9:in `initialize'
	from /Users/haigj01/workspace/titan/hive-runner/lib/hive/controller.rb:20:in `new'
	from /Users/haigj01/workspace/titan/hive-runner/lib/hive/controller.rb:20:in `block in check_workers'
	from /Users/haigj01/workspace/titan/hive-runner/lib/hive/controller.rb:19:in `each'
	from /Users/haigj01/workspace/titan/hive-runner/lib/hive/controller.rb:19:in `check_workers'
	from /Users/haigj01/workspace/titan/hive-runner/lib/hive/daemon_helper.rb:25:in `block in instantiate_controllers'
	from /Users/haigj01/workspace/titan/hive-runner/lib/hive/daemon_helper.rb:21:in `each'
	from /Users/haigj01/workspace/titan/hive-runner/lib/hive/daemon_helper.rb:21:in `instantiate_controllers'
	from /Users/haigj01/workspace/titan/hive-runner/bin/start_hive:36:in `<top (required)>'
	from /Users/haigj01/.rvm/gems/ruby-2.1.2/bundler/gems/daemons-cee17be908b8/lib/daemons/application.rb:203:in `load'
	from /Users/haigj01/.rvm/gems/ruby-2.1.2/bundler/gems/daemons-cee17be908b8/lib/daemons/application.rb:203:in `start_load'
	from /Users/haigj01/.rvm/gems/ruby-2.1.2/bundler/gems/daemons-cee17be908b8/lib/daemons/application.rb:299:in `start'
	from /Users/haigj01/.rvm/gems/ruby-2.1.2/bundler/gems/daemons-cee17be908b8/lib/daemons/controller.rb:57:in `run'
	from /Users/haigj01/.rvm/gems/ruby-2.1.2/bundler/gems/daemons-cee17be908b8/lib/daemons.rb:140:in `block in run'
	from /Users/haigj01/.rvm/gems/ruby-2.1.2/bundler/gems/daemons-cee17be908b8/lib/daemons/cmdline.rb:100:in `call'
	from /Users/haigj01/.rvm/gems/ruby-2.1.2/bundler/gems/daemons-cee17be908b8/lib/daemons/cmdline.rb:100:in `catch_exceptions'
	from /Users/haigj01/.rvm/gems/ruby-2.1.2/bundler/gems/daemons-cee17be908b8/lib/daemons.rb:139:in `run'
	from ./bin/hived:26:in `<main>'
/Users/haigj01/workspace/titan/hive-runner/lib/hive/worker.rb:51:in `poll_queue': poll_queue method not implemented (NotImplementedError)
	from /Users/haigj01/workspace/titan/hive-runner/lib/hive/worker.rb:37:in `block in worker_process'
	from /Users/haigj01/workspace/titan/hive-runner/lib/hive/worker.rb:34:in `loop'
	from /Users/haigj01/workspace/titan/hive-runner/lib/hive/worker.rb:34:in `worker_process'
	from /Users/haigj01/workspace/titan/hive-runner/lib/hive/worker.rb:20:in `block in initialize'
	from /Users/haigj01/workspace/titan/hive-runner/lib/hive/worker.rb:11:in `fork'
	from /Users/haigj01/workspace/titan/hive-runner/lib/hive/worker.rb:11:in `initialize'
	from /Users/haigj01/workspace/titan/hive-runner/lib/hive/worker/shell.rb:9:in `initialize'
	from /Users/haigj01/workspace/titan/hive-runner/lib/hive/controller.rb:20:in `new'
	from /Users/haigj01/workspace/titan/hive-runner/lib/hive/controller.rb:20:in `block in check_workers'
	from /Users/haigj01/workspace/titan/hive-runner/lib/hive/controller.rb:19:in `each'
	from /Users/haigj01/workspace/titan/hive-runner/lib/hive/controller.rb:19:in `check_workers'
	from /Users/haigj01/workspace/titan/hive-runner/lib/hive/daemon_helper.rb:25:in `block in instantiate_controllers'
	from /Users/haigj01/workspace/titan/hive-runner/lib/hive/daemon_helper.rb:21:in `each'
	from /Users/haigj01/workspace/titan/hive-runner/lib/hive/daemon_helper.rb:21:in `instantiate_controllers'
	from /Users/haigj01/workspace/titan/hive-runner/bin/start_hive:36:in `<top (required)>'
	from /Users/haigj01/.rvm/gems/ruby-2.1.2/bundler/gems/daemons-cee17be908b8/lib/daemons/application.rb:203:in `load'
	from /Users/haigj01/.rvm/gems/ruby-2.1.2/bundler/gems/daemons-cee17be908b8/lib/daemons/application.rb:203:in `start_load'
	from /Users/haigj01/.rvm/gems/ruby-2.1.2/bundler/gems/daemons-cee17be908b8/lib/daemons/application.rb:299:in `start'
	from /Users/haigj01/.rvm/gems/ruby-2.1.2/bundler/gems/daemons-cee17be908b8/lib/daemons/controller.rb:57:in `run'
	from /Users/haigj01/.rvm/gems/ruby-2.1.2/bundler/gems/daemons-cee17be908b8/lib/daemons.rb:140:in `block in run'
	from /Users/haigj01/.rvm/gems/ruby-2.1.2/bundler/gems/daemons-cee17be908b8/lib/daemons/cmdline.rb:100:in `call'
	from /Users/haigj01/.rvm/gems/ruby-2.1.2/bundler/gems/daemons-cee17be908b8/lib/daemons/cmdline.rb:100:in `catch_exceptions'
	from /Users/haigj01/.rvm/gems/ruby-2.1.2/bundler/gems/daemons-cee17be908b8/lib/daemons.rb:139:in `run'
	from ./bin/hived:26:in `<main>'
/Users/haigj01/workspace/titan/hive-runner/lib/hive/worker.rb:51:in `poll_queue': poll_queue method not implemented (NotImplementedError)
	from /Users/haigj01/workspace/titan/hive-runner/lib/hive/worker.rb:37:in `block in worker_process'
	from /Users/haigj01/workspace/titan/hive-runner/lib/hive/worker.rb:34:in `loop'
	from /Users/haigj01/workspace/titan/hive-runner/lib/hive/worker.rb:34:in `worker_process'
	from /Users/haigj01/workspace/titan/hive-runner/lib/hive/worker.rb:20:in `block in initialize'
	from /Users/haigj01/workspace/titan/hive-runner/lib/hive/worker.rb:11:in `fork'
	from /Users/haigj01/workspace/titan/hive-runner/lib/hive/worker.rb:11:in `initialize'
	from /Users/haigj01/workspace/titan/hive-runner/lib/hive/worker/shell.rb:9:in `initialize'
	from /Users/haigj01/workspace/titan/hive-runner/lib/hive/controller.rb:20:in `new'
	from /Users/haigj01/workspace/titan/hive-runner/lib/hive/controller.rb:20:in `block in check_workers'
	from /Users/haigj01/workspace/titan/hive-runner/lib/hive/controller.rb:19:in `each'
	from /Users/haigj01/workspace/titan/hive-runner/lib/hive/controller.rb:19:in `check_workers'
	from /Users/haigj01/workspace/titan/hive-runner/lib/hive/daemon_helper.rb:25:in `block in instantiate_controllers'
	from /Users/haigj01/workspace/titan/hive-runner/lib/hive/daemon_helper.rb:21:in `each'
	from /Users/haigj01/workspace/titan/hive-runner/lib/hive/daemon_helper.rb:21:in `instantiate_controllers'
	from /Users/haigj01/workspace/titan/hive-runner/bin/start_hive:36:in `<top (required)>'
	from /Users/haigj01/.rvm/gems/ruby-2.1.2/bundler/gems/daemons-cee17be908b8/lib/daemons/application.rb:203:in `load'
	from /Users/haigj01/.rvm/gems/ruby-2.1.2/bundler/gems/daemons-cee17be908b8/lib/daemons/application.rb:203:in `start_load'
	from /Users/haigj01/.rvm/gems/ruby-2.1.2/bundler/gems/daemons-cee17be908b8/lib/daemons/application.rb:299:in `start'
	from /Users/haigj01/.rvm/gems/ruby-2.1.2/bundler/gems/daemons-cee17be908b8/lib/daemons/controller.rb:57:in `run'
	from /Users/haigj01/.rvm/gems/ruby-2.1.2/bundler/gems/daemons-cee17be908b8/lib/daemons.rb:140:in `block in run'
	from /Users/haigj01/.rvm/gems/ruby-2.1.2/bundler/gems/daemons-cee17be908b8/lib/daemons/cmdline.rb:100:in `call'
	from /Users/haigj01/.rvm/gems/ruby-2.1.2/bundler/gems/daemons-cee17be908b8/lib/daemons/cmdline.rb:100:in `catch_exceptions'
	from /Users/haigj01/.rvm/gems/ruby-2.1.2/bundler/gems/daemons-cee17be908b8/lib/daemons.rb:139:in `run'
	from ./bin/hived:26:in `<main>'
start_hive: process with pid 37095 started.
/Users/haigj01/workspace/titan/hive-runner/lib/hive/worker.rb:51:in `poll_queue': poll_queue method not implemented (NotImplementedError)
	from /Users/haigj01/workspace/titan/hive-runner/lib/hive/worker.rb:37:in `block in worker_process'
	from /Users/haigj01/workspace/titan/hive-runner/lib/hive/worker.rb:34:in `loop'
	from /Users/haigj01/workspace/titan/hive-runner/lib/hive/worker.rb:34:in `worker_process'
	from /Users/haigj01/workspace/titan/hive-runner/lib/hive/worker.rb:20:in `block in initialize'
	from /Users/haigj01/workspace/titan/hive-runner/lib/hive/worker.rb:11:in `fork'
	from /Users/haigj01/workspace/titan/hive-runner/lib/hive/worker.rb:11:in `initialize'
	from /Users/haigj01/workspace/titan/hive-runner/lib/hive/worker/shell.rb:9:in `initialize'
	from /Users/haigj01/workspace/titan/hive-runner/lib/hive/controller.rb:20:in `new'
	from /Users/haigj01/workspace/titan/hive-runner/lib/hive/controller.rb:20:in `block in check_workers'
	from /Users/haigj01/workspace/titan/hive-runner/lib/hive/controller.rb:19:in `each'
	from /Users/haigj01/workspace/titan/hive-runner/lib/hive/controller.rb:19:in `check_workers'
	from /Users/haigj01/workspace/titan/hive-runner/lib/hive/daemon_helper.rb:25:in `block in instantiate_controllers'
	from /Users/haigj01/workspace/titan/hive-runner/lib/hive/daemon_helper.rb:21:in `each'
	from /Users/haigj01/workspace/titan/hive-runner/lib/hive/daemon_helper.rb:21:in `instantiate_controllers'
	from /Users/haigj01/workspace/titan/hive-runner/bin/start_hive:36:in `<top (required)>'
	from /Users/haigj01/.rvm/gems/ruby-2.1.2/bundler/gems/daemons-cee17be908b8/lib/daemons/application.rb:203:in `load'
	from /Users/haigj01/.rvm/gems/ruby-2.1.2/bundler/gems/daemons-cee17be908b8/lib/daemons/application.rb:203:in `start_load'
	from /Users/haigj01/.rvm/gems/ruby-2.1.2/bundler/gems/daemons-cee17be908b8/lib/daemons/application.rb:299:in `start'
	from /Users/haigj01/.rvm/gems/ruby-2.1.2/bundler/gems/daemons-cee17be908b8/lib/daemons/controller.rb:57:in `run'
	from /Users/haigj01/.rvm/gems/ruby-2.1.2/bundler/gems/daemons-cee17be908b8/lib/daemons.rb:140:in `block in run'
	from /Users/haigj01/.rvm/gems/ruby-2.1.2/bundler/gems/daemons-cee17be908b8/lib/daemons/cmdline.rb:100:in `call'
	from /Users/haigj01/.rvm/gems/ruby-2.1.2/bundler/gems/daemons-cee17be908b8/lib/daemons/cmdline.rb:100:in `catch_exceptions'
	from /Users/haigj01/.rvm/gems/ruby-2.1.2/bundler/gems/daemons-cee17be908b8/lib/daemons.rb:139:in `run'
	from ./bin/hived:26:in `<main>'
/Users/haigj01/workspace/titan/hive-runner/lib/hive/worker.rb:51:in `poll_queue': poll_queue method not implemented (NotImplementedError)
	from /Users/haigj01/workspace/titan/hive-runner/lib/hive/worker.rb:37:in `block in worker_process'
	from /Users/haigj01/workspace/titan/hive-runner/lib/hive/worker.rb:34:in `loop'
	from /Users/haigj01/workspace/titan/hive-runner/lib/hive/worker.rb:34:in `worker_process'
	from /Users/haigj01/workspace/titan/hive-runner/lib/hive/worker.rb:20:in `block in initialize'
	from /Users/haigj01/workspace/titan/hive-runner/lib/hive/worker.rb:11:in `fork'
	from /Users/haigj01/workspace/titan/hive-runner/lib/hive/worker.rb:11:in `initialize'
	from /Users/haigj01/workspace/titan/hive-runner/lib/hive/worker/shell.rb:9:in `initialize'
	from /Users/haigj01/workspace/titan/hive-runner/lib/hive/controller.rb:20:in `new'
	from /Users/haigj01/workspace/titan/hive-runner/lib/hive/controller.rb:20:in `block in check_workers'
	from /Users/haigj01/workspace/titan/hive-runner/lib/hive/controller.rb:19:in `each'
	from /Users/haigj01/workspace/titan/hive-runner/lib/hive/controller.rb:19:in `check_workers'
	from /Users/haigj01/workspace/titan/hive-runner/lib/hive/daemon_helper.rb:25:in `block in instantiate_controllers'
	from /Users/haigj01/workspace/titan/hive-runner/lib/hive/daemon_helper.rb:21:in `each'
	from /Users/haigj01/workspace/titan/hive-runner/lib/hive/daemon_helper.rb:21:in `instantiate_controllers'
	from /Users/haigj01/workspace/titan/hive-runner/bin/start_hive:36:in `<top (required)>'
	from /Users/haigj01/.rvm/gems/ruby-2.1.2/bundler/gems/daemons-cee17be908b8/lib/daemons/application.rb:203:in `load'
	from /Users/haigj01/.rvm/gems/ruby-2.1.2/bundler/gems/daemons-cee17be908b8/lib/daemons/application.rb:203:in `start_load'
	from /Users/haigj01/.rvm/gems/ruby-2.1.2/bundler/gems/daemons-cee17be908b8/lib/daemons/application.rb:299:in `start'
	from /Users/haigj01/.rvm/gems/ruby-2.1.2/bundler/gems/daemons-cee17be908b8/lib/daemons/controller.rb:57:in `run'
	from /Users/haigj01/.rvm/gems/ruby-2.1.2/bundler/gems/daemons-cee17be908b8/lib/daemons.rb:140:in `block in run'
	from /Users/haigj01/.rvm/gems/ruby-2.1.2/bundler/gems/daemons-cee17be908b8/lib/daemons/cmdline.rb:100:in `call'
	from /Users/haigj01/.rvm/gems/ruby-2.1.2/bundler/gems/daemons-cee17be908b8/lib/daemons/cmdline.rb:100:in `catch_exceptions'
	from /Users/haigj01/.rvm/gems/ruby-2.1.2/bundler/gems/daemons-cee17be908b8/lib/daemons.rb:139:in `run'
	from ./bin/hived:26:in `<main>'
/Users/haigj01/workspace/titan/hive-runner/lib/hive/worker.rb:51:in `poll_queue': poll_queue method not implemented (NotImplementedError)
	from /Users/haigj01/workspace/titan/hive-runner/lib/hive/worker.rb:37:in `block in worker_process'
	from /Users/haigj01/workspace/titan/hive-runner/lib/hive/worker.rb:34:in `loop'
	from /Users/haigj01/workspace/titan/hive-runner/lib/hive/worker.rb:34:in `worker_process'
	from /Users/haigj01/workspace/titan/hive-runner/lib/hive/worker.rb:20:in `block in initialize'
	from /Users/haigj01/workspace/titan/hive-runner/lib/hive/worker.rb:11:in `fork'
	from /Users/haigj01/workspace/titan/hive-runner/lib/hive/worker.rb:11:in `initialize'
	from /Users/haigj01/workspace/titan/hive-runner/lib/hive/worker/shell.rb:9:in `initialize'
	from /Users/haigj01/workspace/titan/hive-runner/lib/hive/controller.rb:20:in `new'
	from /Users/haigj01/workspace/titan/hive-runner/lib/hive/controller.rb:20:in `block in check_workers'
	from /Users/haigj01/workspace/titan/hive-runner/lib/hive/controller.rb:19:in `each'
	from /Users/haigj01/workspace/titan/hive-runner/lib/hive/controller.rb:19:in `check_workers'
	from /Users/haigj01/workspace/titan/hive-runner/lib/hive/daemon_helper.rb:25:in `block in instantiate_controllers'
	from /Users/haigj01/workspace/titan/hive-runner/lib/hive/daemon_helper.rb:21:in `each'
	from /Users/haigj01/workspace/titan/hive-runner/lib/hive/daemon_helper.rb:21:in `instantiate_controllers'
	from /Users/haigj01/workspace/titan/hive-runner/bin/start_hive:36:in `<top (required)>'
	from /Users/haigj01/.rvm/gems/ruby-2.1.2/bundler/gems/daemons-cee17be908b8/lib/daemons/application.rb:203:in `load'
	from /Users/haigj01/.rvm/gems/ruby-2.1.2/bundler/gems/daemons-cee17be908b8/lib/daemons/application.rb:203:in `start_load'
	from /Users/haigj01/.rvm/gems/ruby-2.1.2/bundler/gems/daemons-cee17be908b8/lib/daemons/application.rb:299:in `start'
	from /Users/haigj01/.rvm/gems/ruby-2.1.2/bundler/gems/daemons-cee17be908b8/lib/daemons/controller.rb:57:in `run'
	from /Users/haigj01/.rvm/gems/ruby-2.1.2/bundler/gems/daemons-cee17be908b8/lib/daemons.rb:140:in `block in run'
	from /Users/haigj01/.rvm/gems/ruby-2.1.2/bundler/gems/daemons-cee17be908b8/lib/daemons/cmdline.rb:100:in `call'
	from /Users/haigj01/.rvm/gems/ruby-2.1.2/bundler/gems/daemons-cee17be908b8/lib/daemons/cmdline.rb:100:in `catch_exceptions'
	from /Users/haigj01/.rvm/gems/ruby-2.1.2/bundler/gems/daemons-cee17be908b8/lib/daemons.rb:139:in `run'
	from ./bin/hived:26:in `<main>'
/Users/haigj01/workspace/titan/hive-runner/lib/hive/worker.rb:51:in `poll_queue': poll_queue method not implemented (NotImplementedError)
	from /Users/haigj01/workspace/titan/hive-runner/lib/hive/worker.rb:37:in `block in worker_process'
	from /Users/haigj01/workspace/titan/hive-runner/lib/hive/worker.rb:34:in `loop'
	from /Users/haigj01/workspace/titan/hive-runner/lib/hive/worker.rb:34:in `worker_process'
	from /Users/haigj01/workspace/titan/hive-runner/lib/hive/worker.rb:20:in `block in initialize'
	from /Users/haigj01/workspace/titan/hive-runner/lib/hive/worker.rb:11:in `fork'
	from /Users/haigj01/workspace/titan/hive-runner/lib/hive/worker.rb:11:in `initialize'
	from /Users/haigj01/workspace/titan/hive-runner/lib/hive/worker/shell.rb:9:in `initialize'
	from /Users/haigj01/workspace/titan/hive-runner/lib/hive/controller.rb:20:in `new'
	from /Users/haigj01/workspace/titan/hive-runner/lib/hive/controller.rb:20:in `block in check_workers'
	from /Users/haigj01/workspace/titan/hive-runner/lib/hive/controller.rb:19:in `each'
	from /Users/haigj01/workspace/titan/hive-runner/lib/hive/controller.rb:19:in `check_workers'
	from /Users/haigj01/workspace/titan/hive-runner/lib/hive/daemon_helper.rb:25:in `block in instantiate_controllers'
	from /Users/haigj01/workspace/titan/hive-runner/lib/hive/daemon_helper.rb:21:in `each'
	from /Users/haigj01/workspace/titan/hive-runner/lib/hive/daemon_helper.rb:21:in `instantiate_controllers'
	from /Users/haigj01/workspace/titan/hive-runner/bin/start_hive:36:in `<top (required)>'
	from /Users/haigj01/.rvm/gems/ruby-2.1.2/bundler/gems/daemons-cee17be908b8/lib/daemons/application.rb:203:in `load'
	from /Users/haigj01/.rvm/gems/ruby-2.1.2/bundler/gems/daemons-cee17be908b8/lib/daemons/application.rb:203:in `start_load'
	from /Users/haigj01/.rvm/gems/ruby-2.1.2/bundler/gems/daemons-cee17be908b8/lib/daemons/application.rb:299:in `start'
	from /Users/haigj01/.rvm/gems/ruby-2.1.2/bundler/gems/daemons-cee17be908b8/lib/daemons/controller.rb:57:in `run'
	from /Users/haigj01/.rvm/gems/ruby-2.1.2/bundler/gems/daemons-cee17be908b8/lib/daemons.rb:140:in `block in run'
	from /Users/haigj01/.rvm/gems/ruby-2.1.2/bundler/gems/daemons-cee17be908b8/lib/daemons/cmdline.rb:100:in `call'
	from /Users/haigj01/.rvm/gems/ruby-2.1.2/bundler/gems/daemons-cee17be908b8/lib/daemons/cmdline.rb:100:in `catch_exceptions'
	from /Users/haigj01/.rvm/gems/ruby-2.1.2/bundler/gems/daemons-cee17be908b8/lib/daemons.rb:139:in `run'
	from ./bin/hived:26:in `<main>'
/Users/haigj01/workspace/titan/hive-runner/lib/hive/worker.rb:51:in `poll_queue': poll_queue method not implemented (NotImplementedError)
	from /Users/haigj01/workspace/titan/hive-runner/lib/hive/worker.rb:37:in `block in worker_process'
	from /Users/haigj01/workspace/titan/hive-runner/lib/hive/worker.rb:34:in `loop'
	from /Users/haigj01/workspace/titan/hive-runner/lib/hive/worker.rb:34:in `worker_process'
	from /Users/haigj01/workspace/titan/hive-runner/lib/hive/worker.rb:20:in `block in initialize'
	from /Users/haigj01/workspace/titan/hive-runner/lib/hive/worker.rb:11:in `fork'
	from /Users/haigj01/workspace/titan/hive-runner/lib/hive/worker.rb:11:in `initialize'
	from /Users/haigj01/workspace/titan/hive-runner/lib/hive/worker/shell.rb:9:in `initialize'
	from /Users/haigj01/workspace/titan/hive-runner/lib/hive/controller.rb:20:in `new'
	from /Users/haigj01/workspace/titan/hive-runner/lib/hive/controller.rb:20:in `block in check_workers'
	from /Users/haigj01/workspace/titan/hive-runner/lib/hive/controller.rb:19:in `each'
	from /Users/haigj01/workspace/titan/hive-runner/lib/hive/controller.rb:19:in `check_workers'
	from /Users/haigj01/workspace/titan/hive-runner/lib/hive/daemon_helper.rb:25:in `block in instantiate_controllers'
	from /Users/haigj01/workspace/titan/hive-runner/lib/hive/daemon_helper.rb:21:in `each'
	from /Users/haigj01/workspace/titan/hive-runner/lib/hive/daemon_helper.rb:21:in `instantiate_controllers'
	from /Users/haigj01/workspace/titan/hive-runner/bin/start_hive:36:in `<top (required)>'
	from /Users/haigj01/.rvm/gems/ruby-2.1.2/bundler/gems/daemons-cee17be908b8/lib/daemons/application.rb:203:in `load'
	from /Users/haigj01/.rvm/gems/ruby-2.1.2/bundler/gems/daemons-cee17be908b8/lib/daemons/application.rb:203:in `start_load'
	from /Users/haigj01/.rvm/gems/ruby-2.1.2/bundler/gems/daemons-cee17be908b8/lib/daemons/application.rb:299:in `start'
	from /Users/haigj01/.rvm/gems/ruby-2.1.2/bundler/gems/daemons-cee17be908b8/lib/daemons/controller.rb:57:in `run'
	from /Users/haigj01/.rvm/gems/ruby-2.1.2/bundler/gems/daemons-cee17be908b8/lib/daemons.rb:140:in `block in run'
	from /Users/haigj01/.rvm/gems/ruby-2.1.2/bundler/gems/daemons-cee17be908b8/lib/daemons/cmdline.rb:100:in `call'
	from /Users/haigj01/.rvm/gems/ruby-2.1.2/bundler/gems/daemons-cee17be908b8/lib/daemons/cmdline.rb:100:in `catch_exceptions'
	from /Users/haigj01/.rvm/gems/ruby-2.1.2/bundler/gems/daemons-cee17be908b8/lib/daemons.rb:139:in `run'
	from ./bin/hived:26:in `<main>'
start_hive: process with pid 49674 started.
{"max_workers"=>5, "name_stub"=>"SHELL_WORKER"}
49675
YYYY I'm here YYYY
{"max_workers"=>5, "name_stub"=>"SHELL_WORKER"}
49676
{"max_workers"=>5, "name_stub"=>"SHELL_WORKER"}
YYYY I'm here YYYY
49677
XXXXXXX setting up ipc XXXXXXXX
YYYY I'm here YYYY
{"max_workers"=>5, "name_stub"=>"SHELL_WORKER"}
49678
YYYY I'm here YYYY
XXXXXXX setting up ipc XXXXXXXX
{"max_workers"=>5, "name_stub"=>"SHELL_WORKER"}
49679
XXXXXXX setting up ipc XXXXXXXX
YYYY I'm here YYYY
XXXXXXX setting up ipc XXXXXXXX
XXXXXXX setting up ipc XXXXXXXX
start_hive: process with pid 54471 started.
start_hive: process with pid 54517 started.
start_hive: process with pid 54557 started.
